#
# There is insufficient memory for the Java Runtime Environment to continue.
# Native memory allocation (mmap) failed to map 1073741824 bytes for committing reserved memory.
# Possible reasons:
#   The system is out of physical RAM or swap space
#   The process is running with CompressedOops enabled, and the Java Heap may be blocking the growth of the native heap
# Possible solutions:
#   Reduce memory load on the system
#   Increase physical memory or swap space
#   Check if swap backing store is full
#   Decrease Java heap size (-Xmx/-Xms)
#   Decrease number of Java threads
#   Decrease Java thread stack sizes (-Xss)
#   Set larger code cache with -XX:ReservedCodeCacheSize=
# This output file may be truncated or incomplete.
#
#  Out of Memory Error (os_linux.cpp:2893), pid=4670, tid=4672
#
# JRE version:  (11.0.4+11) (build )
# Java VM: OpenJDK 64-Bit Server VM (11.0.4+11-post-Ubuntu-1ubuntu218.04.3, mixed mode, aot, sharing, tiered, compressed oops, g1 gc, linux-amd64)
# Core dump will be written. Default location: Core dumps may be processed with "/usr/share/apport/apport %p %s %c %d %P" (or dumping to /home/farooq/chisel-tutorial/core.4670)
#

---------------  S U M M A R Y ------------

Command Line: -Dfile.encoding=UTF-8 -Xms1024m -Xmx1024m -Xss4M -XX:ReservedCodeCacheSize=128m /usr/share/sbt/bin/java9-rt-export.jar --rt-ext-dir

Host: Intel(R) Core(TM) i7-4600U CPU @ 2.10GHz, 4 cores, 1G, Ubuntu 18.04.3 LTS
Time: Mon Oct 14 18:23:47 2019 PKT elapsed time: 0 seconds (0d 0h 0m 0s)

---------------  T H R E A D  ---------------

Current thread (0x00007efc84012000):  JavaThread "Unknown thread" [_thread_in_vm, id=4672, stack(0x00007efc885f1000,0x00007efc889f2000)]

Stack: [0x00007efc885f1000,0x00007efc889f2000],  sp=0x00007efc889f02c0,  free space=4092k
Native frames: (J=compiled Java code, A=aot compiled Java code, j=interpreted, Vv=VM code, C=native code)
V  [libjvm.so+0xde4547]
V  [libjvm.so+0xde519b]
V  [libjvm.so+0x6511a5]
V  [libjvm.so+0xbbed38]
V  [libjvm.so+0xbb5ebd]
V  [libjvm.so+0x76f53f]
V  [libjvm.so+0x76f7ae]
V  [libjvm.so+0x77b820]
V  [libjvm.so+0x7f6969]
V  [libjvm.so+0x7f75c2]
V  [libjvm.so+0x7f7a29]
V  [libjvm.so+0x72de6f]
V  [libjvm.so+0x72e55d]
V  [libjvm.so+0xd9ea32]
V  [libjvm.so+0xd9ecc6]
V  [libjvm.so+0x80f907]
V  [libjvm.so+0xd7d627]
V  [libjvm.so+0x8c8611]  JNI_CreateJavaVM+0x51
C  [libjli.so+0x4a66]
C  [libjli.so+0x92cd]


---------------  P R O C E S S  ---------------

Threads class SMR info:
_java_thread_list=0x000055fd384852d0, length=0, elements={
}

Java Threads: ( => current thread )

Other Threads:
  0x00007efc84028000 GCTaskThread "GC Thread#0" [stack: 0x00007efc880da000,0x00007efc881da000] [id=4673]
  0x00007efc84043800 ConcurrentGCThread "G1 Main Marker" [stack: 0x00007efc6bf00000,0x00007efc6c000000] [id=4674]
  0x00007efc84045800 ConcurrentGCThread "G1 Conc#0" [stack: 0x00007efc6bdfe000,0x00007efc6befe000] [id=4675]

[error occurred during error reporting (printing all threads), id 0xb, SIGSEGV (0xb) at pc=0x00007efc89a78040]

VM state:not at safepoint (not fully initialized)

VM Mutex/Monitor currently owned by a thread:  ([mutex/lock_event])
[0x00007efc8400e680] Heap_lock - owner thread: 0x00007efc84012000

Heap address: 0x00000000c0000000, size: 1024 MB, Compressed Oops mode: Non-zero based: 0x00000000c0000000
Narrow klass base: 0x0000000000000000, Narrow klass shift: 0

GC Heap History (0 events):
No events

Deoptimization events (0 events):
No events

Classes redefined (0 events):
No events

Internal exceptions (0 events):
No events

Events (0 events):
No events


Dynamic libraries:
55fd3756e000-55fd3756f000 r-xp 00000000 08:04 1602449                    /usr/lib/jvm/java-11-openjdk-amd64/bin/java
55fd3776f000-55fd37770000 r--p 00001000 08:04 1602449                    /usr/lib/jvm/java-11-openjdk-amd64/bin/java
55fd37770000-55fd37771000 rw-p 00002000 08:04 1602449                    /usr/lib/jvm/java-11-openjdk-amd64/bin/java
55fd3846d000-55fd3848e000 rw-p 00000000 00:00 0                          [heap]
7efc5c000000-7efc5c021000 rw-p 00000000 00:00 0 
7efc5c021000-7efc60000000 ---p 00000000 00:00 0 
7efc64000000-7efc64021000 rw-p 00000000 00:00 0 
7efc64021000-7efc68000000 ---p 00000000 00:00 0 
7efc699f8000-7efc6bdfc000 rw-p 00000000 00:00 0 
7efc6bdfc000-7efc6bdfd000 ---p 00000000 00:00 0 
7efc6bdfd000-7efc6befe000 rw-p 00000000 00:00 0 
7efc6befe000-7efc6beff000 ---p 00000000 00:00 0 
7efc6beff000-7efc6c000000 rw-p 00000000 00:00 0 
7efc6c000000-7efc6c021000 rw-p 00000000 00:00 0 
7efc6c021000-7efc70000000 ---p 00000000 00:00 0 
7efc700d7000-7efc726d7000 ---p 00000000 00:00 0 
7efc726d7000-7efc72adb000 rw-p 00000000 00:00 0 
7efc72adb000-7efc72d4b000 rwxp 00000000 00:00 0 
7efc72d4b000-7efc7aadb000 ---p 00000000 00:00 0 
7efc7aadb000-7efc83185000 r--s 00000000 08:04 1602560                    /usr/lib/jvm/java-11-openjdk-amd64/lib/modules
7efc83185000-7efc8318a000 r-xp 00000000 08:04 1602542                    /usr/lib/jvm/java-11-openjdk-amd64/lib/libjimage.so
7efc8318a000-7efc83389000 ---p 00005000 08:04 1602542                    /usr/lib/jvm/java-11-openjdk-amd64/lib/libjimage.so
7efc83389000-7efc8338a000 r--p 00004000 08:04 1602542                    /usr/lib/jvm/java-11-openjdk-amd64/lib/libjimage.so
7efc8338a000-7efc8338b000 rw-p 00005000 08:04 1602542                    /usr/lib/jvm/java-11-openjdk-amd64/lib/libjimage.so
7efc8338b000-7efc83392000 r-xp 00000000 08:04 1602559                    /usr/lib/jvm/java-11-openjdk-amd64/lib/libzip.so
7efc83392000-7efc83591000 ---p 00007000 08:04 1602559                    /usr/lib/jvm/java-11-openjdk-amd64/lib/libzip.so
7efc83591000-7efc83592000 r--p 00006000 08:04 1602559                    /usr/lib/jvm/java-11-openjdk-amd64/lib/libzip.so
7efc83592000-7efc83593000 rw-p 00007000 08:04 1602559                    /usr/lib/jvm/java-11-openjdk-amd64/lib/libzip.so
7efc83593000-7efc8359e000 r-xp 00000000 08:04 792188                     /lib/x86_64-linux-gnu/libnss_files-2.27.so
7efc8359e000-7efc8379d000 ---p 0000b000 08:04 792188                     /lib/x86_64-linux-gnu/libnss_files-2.27.so
7efc8379d000-7efc8379e000 r--p 0000a000 08:04 792188                     /lib/x86_64-linux-gnu/libnss_files-2.27.so
7efc8379e000-7efc8379f000 rw-p 0000b000 08:04 792188                     /lib/x86_64-linux-gnu/libnss_files-2.27.so
7efc8379f000-7efc837a5000 rw-p 00000000 00:00 0 
7efc837a5000-7efc837bc000 r-xp 00000000 08:04 792182                     /lib/x86_64-linux-gnu/libnsl-2.27.so
7efc837bc000-7efc839bb000 ---p 00017000 08:04 792182                     /lib/x86_64-linux-gnu/libnsl-2.27.so
7efc839bb000-7efc839bc000 r--p 00016000 08:04 792182                     /lib/x86_64-linux-gnu/libnsl-2.27.so
7efc839bc000-7efc839bd000 rw-p 00017000 08:04 792182                     /lib/x86_64-linux-gnu/libnsl-2.27.so
7efc839bd000-7efc839bf000 rw-p 00000000 00:00 0 
7efc839bf000-7efc839ca000 r-xp 00000000 08:04 792199                     /lib/x86_64-linux-gnu/libnss_nis-2.27.so
7efc839ca000-7efc83bc9000 ---p 0000b000 08:04 792199                     /lib/x86_64-linux-gnu/libnss_nis-2.27.so
7efc83bc9000-7efc83bca000 r--p 0000a000 08:04 792199                     /lib/x86_64-linux-gnu/libnss_nis-2.27.so
7efc83bca000-7efc83bcb000 rw-p 0000b000 08:04 792199                     /lib/x86_64-linux-gnu/libnss_nis-2.27.so
7efc83bcb000-7efc83bd3000 r-xp 00000000 08:04 792184                     /lib/x86_64-linux-gnu/libnss_compat-2.27.so
7efc83bd3000-7efc83dd3000 ---p 00008000 08:04 792184                     /lib/x86_64-linux-gnu/libnss_compat-2.27.so
7efc83dd3000-7efc83dd4000 r--p 00008000 08:04 792184                     /lib/x86_64-linux-gnu/libnss_compat-2.27.so
7efc83dd4000-7efc83dd5000 rw-p 00009000 08:04 792184                     /lib/x86_64-linux-gnu/libnss_compat-2.27.so
7efc83dd5000-7efc83dfe000 r-xp 00000000 08:04 1602538                    /usr/lib/jvm/java-11-openjdk-amd64/lib/libjava.so
7efc83dfe000-7efc83ffd000 ---p 00029000 08:04 1602538                    /usr/lib/jvm/java-11-openjdk-amd64/lib/libjava.so
7efc83ffd000-7efc83ffe000 r--p 00028000 08:04 1602538                    /usr/lib/jvm/java-11-openjdk-amd64/lib/libjava.so
7efc83ffe000-7efc84000000 rw-p 00029000 08:04 1602538                    /usr/lib/jvm/java-11-openjdk-amd64/lib/libjava.so
7efc84000000-7efc84060000 rw-p 00000000 00:00 0 
7efc84060000-7efc88000000 ---p 00000000 00:00 0 
7efc880d8000-7efc880d9000 ---p 00000000 00:00 0 
7efc880d9000-7efc881da000 rw-p 00000000 00:00 0 
7efc881da000-7efc881e7000 r-xp 00000000 08:04 1602558                    /usr/lib/jvm/java-11-openjdk-amd64/lib/libverify.so
7efc881e7000-7efc883e6000 ---p 0000d000 08:04 1602558                    /usr/lib/jvm/java-11-openjdk-amd64/lib/libverify.so
7efc883e6000-7efc883e8000 r--p 0000c000 08:04 1602558                    /usr/lib/jvm/java-11-openjdk-amd64/lib/libverify.so
7efc883e8000-7efc883e9000 rw-p 0000e000 08:04 1602558                    /usr/lib/jvm/java-11-openjdk-amd64/lib/libverify.so
7efc883e9000-7efc883f0000 r-xp 00000000 08:04 792239                     /lib/x86_64-linux-gnu/librt-2.27.so
7efc883f0000-7efc885ef000 ---p 00007000 08:04 792239                     /lib/x86_64-linux-gnu/librt-2.27.so
7efc885ef000-7efc885f0000 r--p 00006000 08:04 792239                     /lib/x86_64-linux-gnu/librt-2.27.so
7efc885f0000-7efc885f1000 rw-p 00007000 08:04 792239                     /lib/x86_64-linux-gnu/librt-2.27.so
7efc885f1000-7efc885f5000 ---p 00000000 00:00 0 
7efc885f5000-7efc889f2000 rw-p 00000000 00:00 0 
7efc889f2000-7efc88a09000 r-xp 00000000 08:04 792135                     /lib/x86_64-linux-gnu/libgcc_s.so.1
7efc88a09000-7efc88c08000 ---p 00017000 08:04 792135                     /lib/x86_64-linux-gnu/libgcc_s.so.1
7efc88c08000-7efc88c09000 r--p 00016000 08:04 792135                     /lib/x86_64-linux-gnu/libgcc_s.so.1
7efc88c09000-7efc88c0a000 rw-p 00017000 08:04 792135                     /lib/x86_64-linux-gnu/libgcc_s.so.1
7efc88c0a000-7efc88da7000 r-xp 00000000 08:04 792161                     /lib/x86_64-linux-gnu/libm-2.27.so
7efc88da7000-7efc88fa6000 ---p 0019d000 08:04 792161                     /lib/x86_64-linux-gnu/libm-2.27.so
7efc88fa6000-7efc88fa7000 r--p 0019c000 08:04 792161                     /lib/x86_64-linux-gnu/libm-2.27.so
7efc88fa7000-7efc88fa8000 rw-p 0019d000 08:04 792161                     /lib/x86_64-linux-gnu/libm-2.27.so
7efc88fa8000-7efc89121000 r-xp 00000000 08:04 403805                     /usr/lib/x86_64-linux-gnu/libstdc++.so.6.0.25
7efc89121000-7efc89321000 ---p 00179000 08:04 403805                     /usr/lib/x86_64-linux-gnu/libstdc++.so.6.0.25
7efc89321000-7efc8932b000 r--p 00179000 08:04 403805                     /usr/lib/x86_64-linux-gnu/libstdc++.so.6.0.25
7efc8932b000-7efc8932d000 rw-p 00183000 08:04 403805                     /usr/lib/x86_64-linux-gnu/libstdc++.so.6.0.25
7efc8932d000-7efc89331000 rw-p 00000000 00:00 0 
7efc89331000-7efc8a3fd000 r-xp 00000000 08:04 1714596                    /usr/lib/jvm/java-11-openjdk-amd64/lib/server/libjvm.so
7efc8a3fd000-7efc8a5fc000 ---p 010cc000 08:04 1714596                    /usr/lib/jvm/java-11-openjdk-amd64/lib/server/libjvm.so
7efc8a5fc000-7efc8a6b9000 r--p 010cb000 08:04 1714596                    /usr/lib/jvm/java-11-openjdk-amd64/lib/server/libjvm.so
7efc8a6b9000-7efc8a6f2000 rw-p 01188000 08:04 1714596                    /usr/lib/jvm/java-11-openjdk-amd64/lib/server/libjvm.so
7efc8a6f2000-7efc8a748000 rw-p 00000000 00:00 0 
7efc8a748000-7efc8a762000 r-xp 00000000 08:04 792231                     /lib/x86_64-linux-gnu/libpthread-2.27.so
7efc8a762000-7efc8a961000 ---p 0001a000 08:04 792231                     /lib/x86_64-linux-gnu/libpthread-2.27.so
7efc8a961000-7efc8a962000 r--p 00019000 08:04 792231                     /lib/x86_64-linux-gnu/libpthread-2.27.so
7efc8a962000-7efc8a963000 rw-p 0001a000 08:04 792231                     /lib/x86_64-linux-gnu/libpthread-2.27.so
7efc8a963000-7efc8a967000 rw-p 00000000 00:00 0 
7efc8a967000-7efc8a96a000 r-xp 00000000 08:04 792121                     /lib/x86_64-linux-gnu/libdl-2.27.so
7efc8a96a000-7efc8ab69000 ---p 00003000 08:04 792121                     /lib/x86_64-linux-gnu/libdl-2.27.so
7efc8ab69000-7efc8ab6a000 r--p 00002000 08:04 792121                     /lib/x86_64-linux-gnu/libdl-2.27.so
7efc8ab6a000-7efc8ab6b000 rw-p 00003000 08:04 792121                     /lib/x86_64-linux-gnu/libdl-2.27.so
7efc8ab6b000-7efc8ab87000 r-xp 00000000 08:04 792270                     /lib/x86_64-linux-gnu/libz.so.1.2.11
7efc8ab87000-7efc8ad86000 ---p 0001c000 08:04 792270                     /lib/x86_64-linux-gnu/libz.so.1.2.11
7efc8ad86000-7efc8ad87000 r--p 0001b000 08:04 792270                     /lib/x86_64-linux-gnu/libz.so.1.2.11
7efc8ad87000-7efc8ad88000 rw-p 0001c000 08:04 792270                     /lib/x86_64-linux-gnu/libz.so.1.2.11
7efc8ad88000-7efc8af6f000 r-xp 00000000 08:04 792098                     /lib/x86_64-linux-gnu/libc-2.27.so
7efc8af6f000-7efc8b16f000 ---p 001e7000 08:04 792098                     /lib/x86_64-linux-gnu/libc-2.27.so
7efc8b16f000-7efc8b173000 r--p 001e7000 08:04 792098                     /lib/x86_64-linux-gnu/libc-2.27.so
7efc8b173000-7efc8b175000 rw-p 001eb000 08:04 792098                     /lib/x86_64-linux-gnu/libc-2.27.so
7efc8b175000-7efc8b179000 rw-p 00000000 00:00 0 
7efc8b179000-7efc8b189000 r-xp 00000000 08:04 1602522                    /usr/lib/jvm/java-11-openjdk-amd64/lib/jli/libjli.so
7efc8b189000-7efc8b388000 ---p 00010000 08:04 1602522                    /usr/lib/jvm/java-11-openjdk-amd64/lib/jli/libjli.so
7efc8b388000-7efc8b389000 r--p 0000f000 08:04 1602522                    /usr/lib/jvm/java-11-openjdk-amd64/lib/jli/libjli.so
7efc8b389000-7efc8b38a000 rw-p 00010000 08:04 1602522                    /usr/lib/jvm/java-11-openjdk-amd64/lib/jli/libjli.so
7efc8b38a000-7efc8b3b1000 r-xp 00000000 08:04 792070                     /lib/x86_64-linux-gnu/ld-2.27.so
7efc8b46f000-7efc8b497000 rw-p 00000000 00:00 0 
7efc8b497000-7efc8b592000 ---p 00000000 00:00 0 
7efc8b592000-7efc8b594000 rw-p 00000000 00:00 0 
7efc8b5a3000-7efc8b5a5000 r--s 00007000 08:04 667461                     /usr/share/java/java-atk-wrapper.jar
7efc8b5a5000-7efc8b5ad000 rw-s 00000000 08:04 2752571                    /tmp/hsperfdata_farooq/4670
7efc8b5ad000-7efc8b5ae000 ---p 00000000 00:00 0 
7efc8b5ae000-7efc8b5af000 r--p 00000000 00:00 0 
7efc8b5af000-7efc8b5b1000 rw-p 00000000 00:00 0 
7efc8b5b1000-7efc8b5b2000 r--p 00027000 08:04 792070                     /lib/x86_64-linux-gnu/ld-2.27.so
7efc8b5b2000-7efc8b5b3000 rw-p 00028000 08:04 792070                     /lib/x86_64-linux-gnu/ld-2.27.so
7efc8b5b3000-7efc8b5b4000 rw-p 00000000 00:00 0 
7ffd0711d000-7ffd0713e000 rw-p 00000000 00:00 0                          [stack]
7ffd071d0000-7ffd071d3000 r--p 00000000 00:00 0                          [vvar]
7ffd071d3000-7ffd071d4000 r-xp 00000000 00:00 0                          [vdso]
ffffffffff600000-ffffffffff601000 r-xp 00000000 00:00 0                  [vsyscall]


VM Arguments:
jvm_args: -Dfile.encoding=UTF-8 -Xms1024m -Xmx1024m -Xss4M -XX:ReservedCodeCacheSize=128m 
java_command: /usr/share/sbt/bin/java9-rt-export.jar --rt-ext-dir
java_class_path (initial): /usr/share/sbt/bin/java9-rt-export.jar
Launcher Type: SUN_STANDARD

[Global flags]
     intx CICompilerCount                          = 3                                         {product} {ergonomic}
     uint ConcGCThreads                            = 1                                         {product} {ergonomic}
     uint G1ConcRefinementThreads                  = 4                                         {product} {ergonomic}
   size_t G1HeapRegionSize                         = 1048576                                   {product} {ergonomic}
    uintx GCDrainStackTargetSize                   = 64                                        {product} {ergonomic}
   size_t InitialHeapSize                          = 1073741824                                {product} {command line}
   size_t MarkStackSize                            = 4194304                                   {product} {ergonomic}
   size_t MaxHeapSize                              = 1073741824                                {product} {command line}
   size_t MinHeapDeltaBytes                        = 1048576                                   {product} {ergonomic}
    uintx NonProfiledCodeHeapSize                  = 0                                      {pd product} {ergonomic}
    uintx ProfiledCodeHeapSize                     = 0                                      {pd product} {ergonomic}
    uintx ReservedCodeCacheSize                    = 134217728                              {pd product} {command line}
     intx ThreadStackSize                          = 4096                                   {pd product} {command line}
     bool UseCompressedClassPointers               = true                                 {lp64_product} {ergonomic}
     bool UseCompressedOops                        = true                                 {lp64_product} {ergonomic}
     bool UseG1GC                                  = true                                      {product} {ergonomic}

Logging:
Log output configuration:
 #0: stdout all=warning uptime,level,tags
 #1: stderr all=off uptime,level,tags

Environment Variables:
JAVA_HOME=/usr/lib/java/jdk1.8.0_221
PATH=/home/farooq/.local/bin:/usr/local/sbin:/usr/local/bin:/usr/sbin:/usr/bin:/sbin:/bin:/usr/games:/usr/local/games:/snap/bin:/usr/lib/java/jdk1.8.0_221/bin
USERNAME=farooq
SHELL=/bin/bash
DISPLAY=:0

Signal Handlers:
SIGSEGV: [libjvm.so+0xde5f50], sa_mask[0]=11111111011111111101111111111110, sa_flags=SA_RESTART|SA_SIGINFO
SIGBUS: [libjvm.so+0xde5f50], sa_mask[0]=11111111011111111101111111111110, sa_flags=SA_RESTART|SA_SIGINFO
SIGFPE: [libjvm.so+0xde5f50], sa_mask[0]=11111111011111111101111111111110, sa_flags=SA_RESTART|SA_SIGINFO
SIGPIPE: [libjvm.so+0xbba5b0], sa_mask[0]=11111111011111111101111111111110, sa_flags=SA_RESTART|SA_SIGINFO
SIGXFSZ: [libjvm.so+0xbba5b0], sa_mask[0]=11111111011111111101111111111110, sa_flags=SA_RESTART|SA_SIGINFO
SIGILL: [libjvm.so+0xde5f50], sa_mask[0]=11111111011111111101111111111110, sa_flags=SA_RESTART|SA_SIGINFO
SIGUSR2: [libjvm.so+0xbba450], sa_mask[0]=00000000000000000000000000000000, sa_flags=SA_RESTART|SA_SIGINFO
SIGHUP: SIG_DFL, sa_mask[0]=00000000000000000000000000000000, sa_flags=none
SIGINT: SIG_DFL, sa_mask[0]=00000000000000000000000000000000, sa_flags=none
SIGTERM: SIG_DFL, sa_mask[0]=00000000000000000000000000000000, sa_flags=none
SIGQUIT: SIG_DFL, sa_mask[0]=00000000000000000000000000000000, sa_flags=none


---------------  S Y S T E M  ---------------

OS:DISTRIB_ID=Ubuntu
DISTRIB_RELEASE=18.04
DISTRIB_CODENAME=bionic
DISTRIB_DESCRIPTION="Ubuntu 18.04.3 LTS"
uname:Linux 5.0.0-31-generic #33~18.04.1-Ubuntu SMP Tue Oct 1 10:20:39 UTC 2019 x86_64
libc:glibc 2.27 NPTL 2.27 
rlimit: STACK 8192k, CORE 0k, NPROC 7133, NOFILE 4096, AS infinity, DATA infinity, FSIZE infinity
load average:1.34 1.35 1.00

/proc/meminfo:
MemTotal:        1873796 kB
MemFree:          109560 kB
MemAvailable:      74908 kB
Buffers:           16724 kB
Cached:           168488 kB
SwapCached:        22732 kB
Active:          1168180 kB
Inactive:         418040 kB
Active(anon):    1099868 kB
Inactive(anon):   368568 kB
Active(file):      68312 kB
Inactive(file):    49472 kB
Unevictable:         124 kB
Mlocked:              32 kB
SwapTotal:       2097148 kB
SwapFree:         263760 kB
Dirty:               256 kB
Writeback:             0 kB
AnonPages:       1379492 kB
Mapped:            82520 kB
Shmem:             67120 kB
KReclaimable:      33952 kB
Slab:              77040 kB
SReclaimable:      33952 kB
SUnreclaim:        43088 kB
KernelStack:       10096 kB
PageTables:        38860 kB
NFS_Unstable:          0 kB
Bounce:                0 kB
WritebackTmp:          0 kB
CommitLimit:     3034044 kB
Committed_AS:    6519004 kB
VmallocTotal:   34359738367 kB
VmallocUsed:           0 kB
VmallocChunk:          0 kB
Percpu:             1184 kB
HardwareCorrupted:     0 kB
AnonHugePages:         0 kB
ShmemHugePages:        0 kB
ShmemPmdMapped:        0 kB
CmaTotal:              0 kB
CmaFree:               0 kB
HugePages_Total:       0
HugePages_Free:        0
HugePages_Rsvd:        0
HugePages_Surp:        0
Hugepagesize:       2048 kB
Hugetlb:               0 kB
DirectMap4k:      141168 kB
DirectMap2M:     1859584 kB
DirectMap1G:           0 kB


/proc/sys/kernel/threads-max (system-wide limit on the number of threads):
14266


/proc/sys/vm/max_map_count (maximum number of memory map areas a process may have):
65530


/proc/sys/kernel/pid_max (system-wide limit on number of process identifiers):
32768



container (cgroup) information:
container_type: cgroupv1
cpu_cpuset_cpus: 0-3
cpu_memory_nodes: 0
active_processor_count: 4
cpu_quota: -1
cpu_period: 100000
cpu_shares: -1
memory_limit_in_bytes: -1
memory_and_swap_limit_in_bytes: -2
memory_soft_limit_in_bytes: -1
memory_usage_in_bytes: 1619595264
memory_max_usage_in_bytes: 17485824

Steal ticks since vm start: 0
Steal ticks percentage since vm start:  0.000

CPU:total 4 (initial active 4) (2 cores per cpu, 2 threads per core) family 6 model 69 stepping 1, cmov, cx8, fxsr, mmx, sse, sse2, sse3, ssse3, sse4.1, sse4.2, popcnt, avx, avx2, aes, clmul, erms, lzcnt, ht, tsc, tscinvbit, bmi1, bmi2, fma
CPU Model and flags from /proc/cpuinfo:
model name	: Intel(R) Core(TM) i7-4600U CPU @ 2.10GHz
flags		: fpu vme de pse tsc msr pae mce cx8 apic sep mtrr pge mca cmov pat pse36 clflush dts acpi mmx fxsr sse sse2 ss ht tm pbe syscall nx pdpe1gb rdtscp lm constant_tsc arch_perfmon pebs bts rep_good nopl xtopology nonstop_tsc cpuid aperfmperf pni pclmulqdq dtes64 monitor ds_cpl vmx smx est tm2 ssse3 sdbg fma cx16 xtpr pdcm pcid sse4_1 sse4_2 x2apic movbe popcnt tsc_deadline_timer aes xsave avx f16c rdrand lahf_lm abm cpuid_fault epb invpcid_single pti ssbd ibrs ibpb stibp tpr_shadow vnmi flexpriority ept vpid ept_ad fsgsbase tsc_adjust bmi1 avx2 smep bmi2 erms invpcid xsaveopt dtherm ida arat pln pts md_clear flush_l1d

Memory: 4k page, physical 1873796k(109560k free), swap 2097148k(263760k free)

vm_info: OpenJDK 64-Bit Server VM (11.0.4+11-post-Ubuntu-1ubuntu218.04.3) for linux-amd64 JRE (11.0.4+11-post-Ubuntu-1ubuntu218.04.3), built on Jul 18 2019 18:21:46 by "buildd" with gcc 7.4.0

END.
