#
# There is insufficient memory for the Java Runtime Environment to continue.
# Native memory allocation (mmap) failed to map 1073741824 bytes for committing reserved memory.
# Possible reasons:
#   The system is out of physical RAM or swap space
#   The process is running with CompressedOops enabled, and the Java Heap may be blocking the growth of the native heap
# Possible solutions:
#   Reduce memory load on the system
#   Increase physical memory or swap space
#   Check if swap backing store is full
#   Decrease Java heap size (-Xmx/-Xms)
#   Decrease number of Java threads
#   Decrease Java thread stack sizes (-Xss)
#   Set larger code cache with -XX:ReservedCodeCacheSize=
# This output file may be truncated or incomplete.
#
#  Out of Memory Error (os_linux.cpp:2893), pid=8788, tid=8789
#
# JRE version:  (11.0.4+11) (build )
# Java VM: OpenJDK 64-Bit Server VM (11.0.4+11-post-Ubuntu-1ubuntu218.04.3, mixed mode, aot, sharing, tiered, compressed oops, g1 gc, linux-amd64)
# Core dump will be written. Default location: Core dumps may be processed with "/usr/share/apport/apport %p %s %c %d %P" (or dumping to /home/farooq/chisel-tutorial/core.8788)
#

---------------  S U M M A R Y ------------

Command Line: -Dfile.encoding=UTF-8 -Xms1024m -Xmx1024m -Xss4M -XX:ReservedCodeCacheSize=128m /usr/share/sbt/bin/java9-rt-export.jar /rt.jar

Host: Intel(R) Core(TM) i7-4600U CPU @ 2.10GHz, 4 cores, 1G, Ubuntu 18.04.3 LTS
Time: Thu Oct 17 00:06:37 2019 PKT elapsed time: 0 seconds (0d 0h 0m 0s)

---------------  T H R E A D  ---------------

Current thread (0x00007f03e0012000):  JavaThread "Unknown thread" [_thread_in_vm, id=8789, stack(0x00007f03e4a5a000,0x00007f03e4e5b000)]

Stack: [0x00007f03e4a5a000,0x00007f03e4e5b000],  sp=0x00007f03e4e592c0,  free space=4092k
Native frames: (J=compiled Java code, A=aot compiled Java code, j=interpreted, Vv=VM code, C=native code)
V  [libjvm.so+0xde4547]
V  [libjvm.so+0xde519b]
V  [libjvm.so+0x6511a5]
V  [libjvm.so+0xbbed38]
V  [libjvm.so+0xbb5ebd]
V  [libjvm.so+0x76f53f]
V  [libjvm.so+0x76f7ae]
V  [libjvm.so+0x77b820]
V  [libjvm.so+0x7f6969]
V  [libjvm.so+0x7f75c2]
V  [libjvm.so+0x7f7a29]
V  [libjvm.so+0x72de6f]
V  [libjvm.so+0x72e55d]
V  [libjvm.so+0xd9ea32]
V  [libjvm.so+0xd9ecc6]
V  [libjvm.so+0x80f907]
V  [libjvm.so+0xd7d627]
V  [libjvm.so+0x8c8611]  JNI_CreateJavaVM+0x51
C  [libjli.so+0x4a66]
C  [libjli.so+0x92cd]


---------------  P R O C E S S  ---------------

Threads class SMR info:
_java_thread_list=0x0000557afd65a2d0, length=0, elements={
}

Java Threads: ( => current thread )

Other Threads:
  0x00007f03e0028000 GCTaskThread "GC Thread#0" [stack: 0x00007f03cf01c000,0x00007f03cf11c000] [id=8790]
  0x00007f03e0043800 ConcurrentGCThread "G1 Main Marker" [stack: 0x00007f03cc516000,0x00007f03cc616000] [id=8791]
  0x00007f03e0045800 ConcurrentGCThread "G1 Conc#0" [stack: 0x00007f03cc414000,0x00007f03cc514000] [id=8792]

[error occurred during error reporting (printing all threads), id 0xb, SIGSEGV (0xb) at pc=0x00007f03e5ee1040]

VM state:not at safepoint (not fully initialized)

VM Mutex/Monitor currently owned by a thread:  ([mutex/lock_event])
[0x00007f03e000e680] Heap_lock - owner thread: 0x00007f03e0012000

Heap address: 0x00000000c0000000, size: 1024 MB, Compressed Oops mode: Non-zero based: 0x00000000c0000000
Narrow klass base: 0x0000000000000000, Narrow klass shift: 0

GC Heap History (0 events):
No events

Deoptimization events (0 events):
No events

Classes redefined (0 events):
No events

Internal exceptions (0 events):
No events

Events (0 events):
No events


Dynamic libraries:
557afbe11000-557afbe12000 r-xp 00000000 08:04 1602449                    /usr/lib/jvm/java-11-openjdk-amd64/bin/java
557afc012000-557afc013000 r--p 00001000 08:04 1602449                    /usr/lib/jvm/java-11-openjdk-amd64/bin/java
557afc013000-557afc014000 rw-p 00002000 08:04 1602449                    /usr/lib/jvm/java-11-openjdk-amd64/bin/java
557afd642000-557afd663000 rw-p 00000000 00:00 0                          [heap]
7f03be000000-7f03c0000000 rw-p 00000000 00:00 0 
7f03c0000000-7f03c0021000 rw-p 00000000 00:00 0 
7f03c0021000-7f03c4000000 ---p 00000000 00:00 0 
7f03c4000000-7f03c4021000 rw-p 00000000 00:00 0 
7f03c4021000-7f03c8000000 ---p 00000000 00:00 0 
7f03c8000000-7f03c8021000 rw-p 00000000 00:00 0 
7f03c8021000-7f03cc000000 ---p 00000000 00:00 0 
7f03cc00e000-7f03cc412000 rw-p 00000000 00:00 0 
7f03cc412000-7f03cc413000 ---p 00000000 00:00 0 
7f03cc413000-7f03cc514000 rw-p 00000000 00:00 0 
7f03cc514000-7f03cc515000 ---p 00000000 00:00 0 
7f03cc515000-7f03cc616000 rw-p 00000000 00:00 0 
7f03cc616000-7f03cec16000 ---p 00000000 00:00 0 
7f03cec16000-7f03cf01a000 rw-p 00000000 00:00 0 
7f03cf01a000-7f03cf01b000 ---p 00000000 00:00 0 
7f03cf01b000-7f03cf11c000 rw-p 00000000 00:00 0 
7f03cf11c000-7f03cf38c000 rwxp 00000000 00:00 0 
7f03cf38c000-7f03d711c000 ---p 00000000 00:00 0 
7f03d711c000-7f03df7c6000 r--s 00000000 08:04 1602560                    /usr/lib/jvm/java-11-openjdk-amd64/lib/modules
7f03df7c6000-7f03df7cb000 r-xp 00000000 08:04 1602542                    /usr/lib/jvm/java-11-openjdk-amd64/lib/libjimage.so
7f03df7cb000-7f03df9ca000 ---p 00005000 08:04 1602542                    /usr/lib/jvm/java-11-openjdk-amd64/lib/libjimage.so
7f03df9ca000-7f03df9cb000 r--p 00004000 08:04 1602542                    /usr/lib/jvm/java-11-openjdk-amd64/lib/libjimage.so
7f03df9cb000-7f03df9cc000 rw-p 00005000 08:04 1602542                    /usr/lib/jvm/java-11-openjdk-amd64/lib/libjimage.so
7f03df9cc000-7f03df9d3000 r-xp 00000000 08:04 1602559                    /usr/lib/jvm/java-11-openjdk-amd64/lib/libzip.so
7f03df9d3000-7f03dfbd2000 ---p 00007000 08:04 1602559                    /usr/lib/jvm/java-11-openjdk-amd64/lib/libzip.so
7f03dfbd2000-7f03dfbd3000 r--p 00006000 08:04 1602559                    /usr/lib/jvm/java-11-openjdk-amd64/lib/libzip.so
7f03dfbd3000-7f03dfbd4000 rw-p 00007000 08:04 1602559                    /usr/lib/jvm/java-11-openjdk-amd64/lib/libzip.so
7f03dfbd4000-7f03dfbdf000 r-xp 00000000 08:04 792188                     /lib/x86_64-linux-gnu/libnss_files-2.27.so
7f03dfbdf000-7f03dfdde000 ---p 0000b000 08:04 792188                     /lib/x86_64-linux-gnu/libnss_files-2.27.so
7f03dfdde000-7f03dfddf000 r--p 0000a000 08:04 792188                     /lib/x86_64-linux-gnu/libnss_files-2.27.so
7f03dfddf000-7f03dfde0000 rw-p 0000b000 08:04 792188                     /lib/x86_64-linux-gnu/libnss_files-2.27.so
7f03dfde0000-7f03dfde6000 rw-p 00000000 00:00 0 
7f03dfde6000-7f03dfdfd000 r-xp 00000000 08:04 792182                     /lib/x86_64-linux-gnu/libnsl-2.27.so
7f03dfdfd000-7f03dfffc000 ---p 00017000 08:04 792182                     /lib/x86_64-linux-gnu/libnsl-2.27.so
7f03dfffc000-7f03dfffd000 r--p 00016000 08:04 792182                     /lib/x86_64-linux-gnu/libnsl-2.27.so
7f03dfffd000-7f03dfffe000 rw-p 00017000 08:04 792182                     /lib/x86_64-linux-gnu/libnsl-2.27.so
7f03dfffe000-7f03e0000000 rw-p 00000000 00:00 0 
7f03e0000000-7f03e0060000 rw-p 00000000 00:00 0 
7f03e0060000-7f03e4000000 ---p 00000000 00:00 0 
7f03e4002000-7f03e400d000 r-xp 00000000 08:04 792199                     /lib/x86_64-linux-gnu/libnss_nis-2.27.so
7f03e400d000-7f03e420c000 ---p 0000b000 08:04 792199                     /lib/x86_64-linux-gnu/libnss_nis-2.27.so
7f03e420c000-7f03e420d000 r--p 0000a000 08:04 792199                     /lib/x86_64-linux-gnu/libnss_nis-2.27.so
7f03e420d000-7f03e420e000 rw-p 0000b000 08:04 792199                     /lib/x86_64-linux-gnu/libnss_nis-2.27.so
7f03e420e000-7f03e4216000 r-xp 00000000 08:04 792184                     /lib/x86_64-linux-gnu/libnss_compat-2.27.so
7f03e4216000-7f03e4416000 ---p 00008000 08:04 792184                     /lib/x86_64-linux-gnu/libnss_compat-2.27.so
7f03e4416000-7f03e4417000 r--p 00008000 08:04 792184                     /lib/x86_64-linux-gnu/libnss_compat-2.27.so
7f03e4417000-7f03e4418000 rw-p 00009000 08:04 792184                     /lib/x86_64-linux-gnu/libnss_compat-2.27.so
7f03e4418000-7f03e4441000 r-xp 00000000 08:04 1602538                    /usr/lib/jvm/java-11-openjdk-amd64/lib/libjava.so
7f03e4441000-7f03e4640000 ---p 00029000 08:04 1602538                    /usr/lib/jvm/java-11-openjdk-amd64/lib/libjava.so
7f03e4640000-7f03e4641000 r--p 00028000 08:04 1602538                    /usr/lib/jvm/java-11-openjdk-amd64/lib/libjava.so
7f03e4641000-7f03e4643000 rw-p 00029000 08:04 1602538                    /usr/lib/jvm/java-11-openjdk-amd64/lib/libjava.so
7f03e4643000-7f03e4650000 r-xp 00000000 08:04 1602558                    /usr/lib/jvm/java-11-openjdk-amd64/lib/libverify.so
7f03e4650000-7f03e484f000 ---p 0000d000 08:04 1602558                    /usr/lib/jvm/java-11-openjdk-amd64/lib/libverify.so
7f03e484f000-7f03e4851000 r--p 0000c000 08:04 1602558                    /usr/lib/jvm/java-11-openjdk-amd64/lib/libverify.so
7f03e4851000-7f03e4852000 rw-p 0000e000 08:04 1602558                    /usr/lib/jvm/java-11-openjdk-amd64/lib/libverify.so
7f03e4852000-7f03e4859000 r-xp 00000000 08:04 792239                     /lib/x86_64-linux-gnu/librt-2.27.so
7f03e4859000-7f03e4a58000 ---p 00007000 08:04 792239                     /lib/x86_64-linux-gnu/librt-2.27.so
7f03e4a58000-7f03e4a59000 r--p 00006000 08:04 792239                     /lib/x86_64-linux-gnu/librt-2.27.so
7f03e4a59000-7f03e4a5a000 rw-p 00007000 08:04 792239                     /lib/x86_64-linux-gnu/librt-2.27.so
7f03e4a5a000-7f03e4a5e000 ---p 00000000 00:00 0 
7f03e4a5e000-7f03e4e5b000 rw-p 00000000 00:00 0 
7f03e4e5b000-7f03e4e72000 r-xp 00000000 08:04 792135                     /lib/x86_64-linux-gnu/libgcc_s.so.1
7f03e4e72000-7f03e5071000 ---p 00017000 08:04 792135                     /lib/x86_64-linux-gnu/libgcc_s.so.1
7f03e5071000-7f03e5072000 r--p 00016000 08:04 792135                     /lib/x86_64-linux-gnu/libgcc_s.so.1
7f03e5072000-7f03e5073000 rw-p 00017000 08:04 792135                     /lib/x86_64-linux-gnu/libgcc_s.so.1
7f03e5073000-7f03e5210000 r-xp 00000000 08:04 792161                     /lib/x86_64-linux-gnu/libm-2.27.so
7f03e5210000-7f03e540f000 ---p 0019d000 08:04 792161                     /lib/x86_64-linux-gnu/libm-2.27.so
7f03e540f000-7f03e5410000 r--p 0019c000 08:04 792161                     /lib/x86_64-linux-gnu/libm-2.27.so
7f03e5410000-7f03e5411000 rw-p 0019d000 08:04 792161                     /lib/x86_64-linux-gnu/libm-2.27.so
7f03e5411000-7f03e558a000 r-xp 00000000 08:04 403805                     /usr/lib/x86_64-linux-gnu/libstdc++.so.6.0.25
7f03e558a000-7f03e578a000 ---p 00179000 08:04 403805                     /usr/lib/x86_64-linux-gnu/libstdc++.so.6.0.25
7f03e578a000-7f03e5794000 r--p 00179000 08:04 403805                     /usr/lib/x86_64-linux-gnu/libstdc++.so.6.0.25
7f03e5794000-7f03e5796000 rw-p 00183000 08:04 403805                     /usr/lib/x86_64-linux-gnu/libstdc++.so.6.0.25
7f03e5796000-7f03e579a000 rw-p 00000000 00:00 0 
7f03e579a000-7f03e6866000 r-xp 00000000 08:04 1714596                    /usr/lib/jvm/java-11-openjdk-amd64/lib/server/libjvm.so
7f03e6866000-7f03e6a65000 ---p 010cc000 08:04 1714596                    /usr/lib/jvm/java-11-openjdk-amd64/lib/server/libjvm.so
7f03e6a65000-7f03e6b22000 r--p 010cb000 08:04 1714596                    /usr/lib/jvm/java-11-openjdk-amd64/lib/server/libjvm.so
7f03e6b22000-7f03e6b5b000 rw-p 01188000 08:04 1714596                    /usr/lib/jvm/java-11-openjdk-amd64/lib/server/libjvm.so
7f03e6b5b000-7f03e6bb1000 rw-p 00000000 00:00 0 
7f03e6bb1000-7f03e6bcb000 r-xp 00000000 08:04 792231                     /lib/x86_64-linux-gnu/libpthread-2.27.so
7f03e6bcb000-7f03e6dca000 ---p 0001a000 08:04 792231                     /lib/x86_64-linux-gnu/libpthread-2.27.so
7f03e6dca000-7f03e6dcb000 r--p 00019000 08:04 792231                     /lib/x86_64-linux-gnu/libpthread-2.27.so
7f03e6dcb000-7f03e6dcc000 rw-p 0001a000 08:04 792231                     /lib/x86_64-linux-gnu/libpthread-2.27.so
7f03e6dcc000-7f03e6dd0000 rw-p 00000000 00:00 0 
7f03e6dd0000-7f03e6dd3000 r-xp 00000000 08:04 792121                     /lib/x86_64-linux-gnu/libdl-2.27.so
7f03e6dd3000-7f03e6fd2000 ---p 00003000 08:04 792121                     /lib/x86_64-linux-gnu/libdl-2.27.so
7f03e6fd2000-7f03e6fd3000 r--p 00002000 08:04 792121                     /lib/x86_64-linux-gnu/libdl-2.27.so
7f03e6fd3000-7f03e6fd4000 rw-p 00003000 08:04 792121                     /lib/x86_64-linux-gnu/libdl-2.27.so
7f03e6fd4000-7f03e6ff0000 r-xp 00000000 08:04 792270                     /lib/x86_64-linux-gnu/libz.so.1.2.11
7f03e6ff0000-7f03e71ef000 ---p 0001c000 08:04 792270                     /lib/x86_64-linux-gnu/libz.so.1.2.11
7f03e71ef000-7f03e71f0000 r--p 0001b000 08:04 792270                     /lib/x86_64-linux-gnu/libz.so.1.2.11
7f03e71f0000-7f03e71f1000 rw-p 0001c000 08:04 792270                     /lib/x86_64-linux-gnu/libz.so.1.2.11
7f03e71f1000-7f03e73d8000 r-xp 00000000 08:04 792098                     /lib/x86_64-linux-gnu/libc-2.27.so
7f03e73d8000-7f03e75d8000 ---p 001e7000 08:04 792098                     /lib/x86_64-linux-gnu/libc-2.27.so
7f03e75d8000-7f03e75dc000 r--p 001e7000 08:04 792098                     /lib/x86_64-linux-gnu/libc-2.27.so
7f03e75dc000-7f03e75de000 rw-p 001eb000 08:04 792098                     /lib/x86_64-linux-gnu/libc-2.27.so
7f03e75de000-7f03e75e2000 rw-p 00000000 00:00 0 
7f03e75e2000-7f03e75f2000 r-xp 00000000 08:04 1602522                    /usr/lib/jvm/java-11-openjdk-amd64/lib/jli/libjli.so
7f03e75f2000-7f03e77f1000 ---p 00010000 08:04 1602522                    /usr/lib/jvm/java-11-openjdk-amd64/lib/jli/libjli.so
7f03e77f1000-7f03e77f2000 r--p 0000f000 08:04 1602522                    /usr/lib/jvm/java-11-openjdk-amd64/lib/jli/libjli.so
7f03e77f2000-7f03e77f3000 rw-p 00010000 08:04 1602522                    /usr/lib/jvm/java-11-openjdk-amd64/lib/jli/libjli.so
7f03e77f3000-7f03e781a000 r-xp 00000000 08:04 792070                     /lib/x86_64-linux-gnu/ld-2.27.so
7f03e78d8000-7f03e7900000 rw-p 00000000 00:00 0 
7f03e7900000-7f03e79fb000 ---p 00000000 00:00 0 
7f03e79fb000-7f03e79fd000 rw-p 00000000 00:00 0 
7f03e7a0c000-7f03e7a0e000 r--s 00007000 08:04 667461                     /usr/share/java/java-atk-wrapper.jar
7f03e7a0e000-7f03e7a16000 rw-s 00000000 08:04 2752787                    /tmp/hsperfdata_farooq/8788
7f03e7a16000-7f03e7a17000 ---p 00000000 00:00 0 
7f03e7a17000-7f03e7a18000 r--p 00000000 00:00 0 
7f03e7a18000-7f03e7a1a000 rw-p 00000000 00:00 0 
7f03e7a1a000-7f03e7a1b000 r--p 00027000 08:04 792070                     /lib/x86_64-linux-gnu/ld-2.27.so
7f03e7a1b000-7f03e7a1c000 rw-p 00028000 08:04 792070                     /lib/x86_64-linux-gnu/ld-2.27.so
7f03e7a1c000-7f03e7a1d000 rw-p 00000000 00:00 0 
7ffd6230e000-7ffd6232f000 rw-p 00000000 00:00 0                          [stack]
7ffd6239b000-7ffd6239e000 r--p 00000000 00:00 0                          [vvar]
7ffd6239e000-7ffd6239f000 r-xp 00000000 00:00 0                          [vdso]
ffffffffff600000-ffffffffff601000 r-xp 00000000 00:00 0                  [vsyscall]


VM Arguments:
jvm_args: -Dfile.encoding=UTF-8 -Xms1024m -Xmx1024m -Xss4M -XX:ReservedCodeCacheSize=128m 
java_command: /usr/share/sbt/bin/java9-rt-export.jar /rt.jar
java_class_path (initial): /usr/share/sbt/bin/java9-rt-export.jar
Launcher Type: SUN_STANDARD

[Global flags]
     intx CICompilerCount                          = 3                                         {product} {ergonomic}
     uint ConcGCThreads                            = 1                                         {product} {ergonomic}
     uint G1ConcRefinementThreads                  = 4                                         {product} {ergonomic}
   size_t G1HeapRegionSize                         = 1048576                                   {product} {ergonomic}
    uintx GCDrainStackTargetSize                   = 64                                        {product} {ergonomic}
   size_t InitialHeapSize                          = 1073741824                                {product} {command line}
   size_t MarkStackSize                            = 4194304                                   {product} {ergonomic}
   size_t MaxHeapSize                              = 1073741824                                {product} {command line}
   size_t MinHeapDeltaBytes                        = 1048576                                   {product} {ergonomic}
    uintx NonProfiledCodeHeapSize                  = 0                                      {pd product} {ergonomic}
    uintx ProfiledCodeHeapSize                     = 0                                      {pd product} {ergonomic}
    uintx ReservedCodeCacheSize                    = 134217728                              {pd product} {command line}
     intx ThreadStackSize                          = 4096                                   {pd product} {command line}
     bool UseCompressedClassPointers               = true                                 {lp64_product} {ergonomic}
     bool UseCompressedOops                        = true                                 {lp64_product} {ergonomic}
     bool UseG1GC                                  = true                                      {product} {ergonomic}

Logging:
Log output configuration:
 #0: stdout all=warning uptime,level,tags
 #1: stderr all=off uptime,level,tags

Environment Variables:
JAVA_HOME=/usr/lib/java/jdk1.8.0_221
PATH=/home/farooq/.local/bin:/usr/local/sbin:/usr/local/bin:/usr/sbin:/usr/bin:/sbin:/bin:/usr/games:/usr/local/games:/snap/bin:/usr/lib/java/jdk1.8.0_221/bin
USERNAME=farooq
SHELL=/bin/bash
DISPLAY=:0

Signal Handlers:
SIGSEGV: [libjvm.so+0xde5f50], sa_mask[0]=11111111011111111101111111111110, sa_flags=SA_RESTART|SA_SIGINFO
SIGBUS: [libjvm.so+0xde5f50], sa_mask[0]=11111111011111111101111111111110, sa_flags=SA_RESTART|SA_SIGINFO
SIGFPE: [libjvm.so+0xde5f50], sa_mask[0]=11111111011111111101111111111110, sa_flags=SA_RESTART|SA_SIGINFO
SIGPIPE: [libjvm.so+0xbba5b0], sa_mask[0]=11111111011111111101111111111110, sa_flags=SA_RESTART|SA_SIGINFO
SIGXFSZ: [libjvm.so+0xbba5b0], sa_mask[0]=11111111011111111101111111111110, sa_flags=SA_RESTART|SA_SIGINFO
SIGILL: [libjvm.so+0xde5f50], sa_mask[0]=11111111011111111101111111111110, sa_flags=SA_RESTART|SA_SIGINFO
SIGUSR2: [libjvm.so+0xbba450], sa_mask[0]=00100000000000000000000000000000, sa_flags=SA_RESTART|SA_SIGINFO
SIGHUP: SIG_DFL, sa_mask[0]=00000000000000000000000000000000, sa_flags=none
SIGINT: SIG_DFL, sa_mask[0]=00000000000000000000000000000000, sa_flags=none
SIGTERM: SIG_DFL, sa_mask[0]=00000000000000000000000000000000, sa_flags=none
SIGQUIT: SIG_DFL, sa_mask[0]=00000000000000000000000000000000, sa_flags=none


---------------  S Y S T E M  ---------------

OS:DISTRIB_ID=Ubuntu
DISTRIB_RELEASE=18.04
DISTRIB_CODENAME=bionic
DISTRIB_DESCRIPTION="Ubuntu 18.04.3 LTS"
uname:Linux 5.0.0-31-generic #33~18.04.1-Ubuntu SMP Tue Oct 1 10:20:39 UTC 2019 x86_64
libc:glibc 2.27 NPTL 2.27 
rlimit: STACK 8192k, CORE 0k, NPROC 7133, NOFILE 1048576, AS infinity, DATA infinity, FSIZE infinity
load average:2.66 2.07 2.02

/proc/meminfo:
MemTotal:        1873796 kB
MemFree:          128160 kB
MemAvailable:     110092 kB
Buffers:            7840 kB
Cached:           257124 kB
SwapCached:        46856 kB
Active:          1124192 kB
Inactive:         402112 kB
Active(anon):    1035216 kB
Inactive(anon):   345316 kB
Active(file):      88976 kB
Inactive(file):    56796 kB
Unevictable:        6692 kB
Mlocked:              64 kB
SwapTotal:       2097148 kB
SwapFree:         458252 kB
Dirty:               176 kB
Writeback:             0 kB
AnonPages:       1222724 kB
Mapped:           163208 kB
Shmem:            118792 kB
KReclaimable:      39128 kB
Slab:              93332 kB
SReclaimable:      39128 kB
SUnreclaim:        54204 kB
KernelStack:       12184 kB
PageTables:        52040 kB
NFS_Unstable:          0 kB
Bounce:                0 kB
WritebackTmp:          0 kB
CommitLimit:     3034044 kB
Committed_AS:    7425588 kB
VmallocTotal:   34359738367 kB
VmallocUsed:           0 kB
VmallocChunk:          0 kB
Percpu:             1184 kB
HardwareCorrupted:     0 kB
AnonHugePages:         0 kB
ShmemHugePages:        0 kB
ShmemPmdMapped:        0 kB
CmaTotal:              0 kB
CmaFree:               0 kB
HugePages_Total:       0
HugePages_Free:        0
HugePages_Rsvd:        0
HugePages_Surp:        0
Hugepagesize:       2048 kB
Hugetlb:               0 kB
DirectMap4k:      192368 kB
DirectMap2M:     1808384 kB
DirectMap1G:           0 kB


/proc/sys/kernel/threads-max (system-wide limit on the number of threads):
14266


/proc/sys/vm/max_map_count (maximum number of memory map areas a process may have):
65530


/proc/sys/kernel/pid_max (system-wide limit on number of process identifiers):
32768



container (cgroup) information:
container_type: cgroupv1
cpu_cpuset_cpus: 0-3
cpu_memory_nodes: 0
active_processor_count: 4
cpu_quota: -1
cpu_period: 100000
cpu_shares: -1
memory_limit_in_bytes: -1
memory_and_swap_limit_in_bytes: -2
memory_soft_limit_in_bytes: -1
memory_usage_in_bytes: 1570058240
memory_max_usage_in_bytes: 159141888

Steal ticks since vm start: 0
Steal ticks percentage since vm start:  0.000

CPU:total 4 (initial active 4) (2 cores per cpu, 2 threads per core) family 6 model 69 stepping 1, cmov, cx8, fxsr, mmx, sse, sse2, sse3, ssse3, sse4.1, sse4.2, popcnt, avx, avx2, aes, clmul, erms, lzcnt, ht, tsc, tscinvbit, bmi1, bmi2, fma
CPU Model and flags from /proc/cpuinfo:
model name	: Intel(R) Core(TM) i7-4600U CPU @ 2.10GHz
flags		: fpu vme de pse tsc msr pae mce cx8 apic sep mtrr pge mca cmov pat pse36 clflush dts acpi mmx fxsr sse sse2 ss ht tm pbe syscall nx pdpe1gb rdtscp lm constant_tsc arch_perfmon pebs bts rep_good nopl xtopology nonstop_tsc cpuid aperfmperf pni pclmulqdq dtes64 monitor ds_cpl vmx smx est tm2 ssse3 sdbg fma cx16 xtpr pdcm pcid sse4_1 sse4_2 x2apic movbe popcnt tsc_deadline_timer aes xsave avx f16c rdrand lahf_lm abm cpuid_fault epb invpcid_single pti ssbd ibrs ibpb stibp tpr_shadow vnmi flexpriority ept vpid ept_ad fsgsbase tsc_adjust bmi1 avx2 smep bmi2 erms invpcid xsaveopt dtherm ida arat pln pts md_clear flush_l1d

Memory: 4k page, physical 1873796k(128160k free), swap 2097148k(458508k free)

vm_info: OpenJDK 64-Bit Server VM (11.0.4+11-post-Ubuntu-1ubuntu218.04.3) for linux-amd64 JRE (11.0.4+11-post-Ubuntu-1ubuntu218.04.3), built on Jul 18 2019 18:21:46 by "buildd" with gcc 7.4.0

END.
